<?xml version="1.0" encoding="UTF-8"?>
<testng-results ignored="0" total="1" passed="1" failed="0" skipped="0">
  <reporter-output>
  </reporter-output>
  <suite started-at="2023-12-11T19:08:31 GST" name="Default suite" finished-at="2023-12-11T19:08:55 GST" duration-ms="24795">
    <groups>
    </groups>
    <test started-at="2023-12-11T19:08:31 GST" name="Default test" finished-at="2023-12-11T19:08:55 GST" duration-ms="24795">
      <class name="Test.Fblohingtest">
        <test-method is-config="true" signature="setup()[pri:0, instance:Test.Fblohingtest@13fd2ccd]" started-at="2023-12-11T19:08:31 GST" name="setup" finished-at="2023-12-11T19:08:55 GST" duration-ms="24420" status="PASS">
          <reporter-output>
          </reporter-output>
        </test-method> <!-- setup -->
        <test-method signature="testlogin()[pri:0, instance:Test.Fblohingtest@13fd2ccd]" started-at="2023-12-11T19:08:55 GST" name="testlogin" finished-at="2023-12-11T19:08:55 GST" duration-ms="308" status="PASS">
          <reporter-output>
          </reporter-output>
        </test-method> <!-- testlogin -->
      </class> <!-- Test.Fblohingtest -->
    </test> <!-- Default test -->
  </suite> <!-- Default suite -->
</testng-results>
